<?xml version="1.0" encoding="UTF-8"?>
<robot generator="Robot 7.2.2 (Python 3.13.2 on darwin)" generated="2025-04-13T14:00:53.429250" rpa="false" schemaversion="5">
<suite id="s1" name="Login Test2" source="/Users/juhojaatinen/robotframework-qa-demo/login_test2.robot">
<test id="s1-t1" name="Wikipedia Page Should Load Successfully" line="8">
<kw name="Open Browser" owner="SeleniumLibrary">
<msg time="2025-04-13T14:00:53.531383" level="INFO">Opening browser 'firefox' to base url 'https://www.wikipedia.org'.</msg>
<arg>${URL}</arg>
<arg>firefox</arg>
<doc>Opens a new browser instance to the optional ``url``.</doc>
<status status="PASS" start="2025-04-13T14:00:53.531269" elapsed="3.259453"/>
</kw>
<kw name="Title Should Be" owner="SeleniumLibrary">
<msg time="2025-04-13T14:00:56.793425" level="INFO">Page title is 'Wikipedia'.</msg>
<arg>Wikipedia</arg>
<doc>Verifies that the current page title equals ``title``.</doc>
<status status="PASS" start="2025-04-13T14:00:56.791405" elapsed="0.002065"/>
</kw>
<kw name="Close Browser" owner="SeleniumLibrary" type="TEARDOWN">
<doc>Closes the current browser.</doc>
<status status="PASS" start="2025-04-13T14:00:56.793822" elapsed="0.711072"/>
</kw>
<status status="PASS" start="2025-04-13T14:00:53.530864" elapsed="3.974126"/>
</test>
<status status="PASS" start="2025-04-13T14:00:53.430319" elapsed="4.074928"/>
</suite>
<statistics>
<total>
<stat pass="1" fail="0" skip="0">All Tests</stat>
</total>
<tag>
</tag>
<suite>
<stat name="Login Test2" id="s1" pass="1" fail="0" skip="0">Login Test2</stat>
</suite>
</statistics>
<errors>
</errors>
</robot>
