<?xml version="1.0" encoding="UTF-8"?>
<robot generator="Robot 7.2.2 (Python 3.13.2 on darwin)" generated="2025-04-18T08:39:03.797715" rpa="false" schemaversion="5">
<suite id="s1" name="Login Test" source="/Users/juhojaatinen/robotframework-qa-demo/tests/ui/login_test.robot">
<test id="s1-t1" name="Wikipedia Page Should Load Successfully" line="8">
<kw name="Open Browser" owner="SeleniumLibrary">
<msg time="2025-04-18T08:39:03.870599" level="INFO">Opening browser 'firefox' to base url 'https://www.wikipedia.org'.</msg>
<arg>${URL}</arg>
<arg>firefox</arg>
<doc>Opens a new browser instance to the optional ``url``.</doc>
<status status="PASS" start="2025-04-18T08:39:03.870504" elapsed="2.669842"/>
</kw>
<kw name="Title Should Be" owner="SeleniumLibrary">
<msg time="2025-04-18T08:39:06.543072" level="INFO">Page title is 'Wikipedia'.</msg>
<arg>Wikipedia</arg>
<doc>Verifies that the current page title equals ``title``.</doc>
<status status="PASS" start="2025-04-18T08:39:06.542012" elapsed="0.001100"/>
</kw>
<kw name="Close Browser" owner="SeleniumLibrary" type="TEARDOWN">
<doc>Closes the current browser.</doc>
<status status="PASS" start="2025-04-18T08:39:06.543334" elapsed="0.676815"/>
</kw>
<status status="PASS" start="2025-04-18T08:39:03.870123" elapsed="3.350144"/>
</test>
<status status="PASS" start="2025-04-18T08:39:03.798445" elapsed="3.422152"/>
</suite>
<statistics>
<total>
<stat pass="1" fail="0" skip="0">All Tests</stat>
</total>
<tag>
</tag>
<suite>
<stat name="Login Test" id="s1" pass="1" fail="0" skip="0">Login Test</stat>
</suite>
</statistics>
<errors>
</errors>
</robot>
